2022-12-27 16:33:00,732 [MainThread  ] [ERROR]  handle_other(): Mutual authentication unavailable on 403 response
2022-12-27 16:33:01,155 [MainThread  ] [ERROR]  handle_other(): Mutual authentication unavailable on 403 response
2022-12-27 16:33:01,559 [MainThread  ] [INFO ]  Biplus Radio is folder, has no build data
2022-12-27 16:33:01,560 [MainThread  ] [INFO ]  Job Biplus Radio has no build data, None  is not iterable
2022-12-27 16:33:01,585 [MainThread  ] [ERROR]  handle_other(): Mutual authentication unavailable on 403 response
2022-12-27 16:33:01,983 [MainThread  ] [INFO ]  Bipower-CD-production is folder, has no build data
2022-12-27 16:33:01,983 [MainThread  ] [INFO ]  Job Bipower-CD-production has no build data, None  is not iterable
2022-12-27 16:33:02,010 [MainThread  ] [ERROR]  handle_other(): Mutual authentication unavailable on 403 response
2022-12-27 16:33:02,403 [MainThread  ] [INFO ]  Bipower-CI-production is folder, has no build data
2022-12-27 16:33:02,404 [MainThread  ] [INFO ]  Job Bipower-CI-production has no build data, None  is not iterable
2022-12-27 16:33:02,427 [MainThread  ] [ERROR]  handle_other(): Mutual authentication unavailable on 403 response
2022-12-27 16:33:02,814 [MainThread  ] [INFO ]  Bipower-dev is folder, has no build data
2022-12-27 16:33:02,814 [MainThread  ] [INFO ]  Job Bipower-dev has no build data, None  is not iterable
2022-12-27 16:33:02,834 [MainThread  ] [ERROR]  handle_other(): Mutual authentication unavailable on 403 response
2022-12-27 16:33:03,250 [MainThread  ] [ERROR]  handle_other(): Mutual authentication unavailable on 403 response
2022-12-27 16:33:03,679 [MainThread  ] [ERROR]  handle_other(): Mutual authentication unavailable on 403 response
2022-12-27 16:33:04,122 [MainThread  ] [INFO ]  Wrote [{'measurement': 'jenkins', 'tags': {'jobname': 'Jenkins-shared-library', 'build_id': 276, 'url': 'https://jenkins.biplus.com.vn/job/Jenkins-shared-library/276/'}, 'time': 1671783604, 'fields': {'duration': 62762, 'estimatedDuration': 28209, 'result': 'SUCCESS'}}] to bucket jenkins_test
2022-12-27 16:33:04,208 [MainThread  ] [ERROR]  handle_other(): Mutual authentication unavailable on 403 response
2022-12-27 16:33:04,685 [MainThread  ] [INFO ]  Wrote [{'measurement': 'jenkins', 'tags': {'jobname': 'Jenkins-shared-library', 'build_id': 275, 'url': 'https://jenkins.biplus.com.vn/job/Jenkins-shared-library/275/'}, 'time': 1665540902, 'fields': {'duration': 10269, 'estimatedDuration': 28209, 'result': 'SUCCESS'}}] to bucket jenkins_test
2022-12-27 16:33:04,727 [MainThread  ] [ERROR]  handle_other(): Mutual authentication unavailable on 403 response
2022-12-27 16:33:05,306 [MainThread  ] [INFO ]  Wrote [{'measurement': 'jenkins', 'tags': {'jobname': 'Jenkins-shared-library', 'build_id': 274, 'url': 'https://jenkins.biplus.com.vn/job/Jenkins-shared-library/274/'}, 'time': 1665540386, 'fields': {'duration': 11596, 'estimatedDuration': 28209, 'result': 'SUCCESS'}}] to bucket jenkins_test
2022-12-27 16:33:05,385 [MainThread  ] [ERROR]  handle_other(): Mutual authentication unavailable on 403 response
2022-12-27 16:33:05,790 [MainThread  ] [INFO ]  Wrote [{'measurement': 'jenkins', 'tags': {'jobname': 'Jenkins-shared-library', 'build_id': 273, 'url': 'https://jenkins.biplus.com.vn/job/Jenkins-shared-library/273/'}, 'time': 1665458237, 'fields': {'duration': 10033, 'estimatedDuration': 28209, 'result': 'SUCCESS'}}] to bucket jenkins_test
2022-12-27 16:33:05,812 [MainThread  ] [ERROR]  handle_other(): Mutual authentication unavailable on 403 response
2022-12-27 16:33:06,236 [MainThread  ] [INFO ]  Wrote [{'measurement': 'jenkins', 'tags': {'jobname': 'Jenkins-shared-library', 'build_id': 272, 'url': 'https://jenkins.biplus.com.vn/job/Jenkins-shared-library/272/'}, 'time': 1665457988, 'fields': {'duration': 10216, 'estimatedDuration': 28209, 'result': 'SUCCESS'}}] to bucket jenkins_test
2022-12-27 16:33:06,258 [MainThread  ] [ERROR]  handle_other(): Mutual authentication unavailable on 403 response
2022-12-27 16:33:06,662 [MainThread  ] [INFO ]  Wrote [{'measurement': 'jenkins', 'tags': {'jobname': 'Jenkins-shared-library', 'build_id': 271, 'url': 'https://jenkins.biplus.com.vn/job/Jenkins-shared-library/271/'}, 'time': 1665455843, 'fields': {'duration': 63, 'estimatedDuration': 28209, 'result': 'FAILURE'}}] to bucket jenkins_test
2022-12-27 16:33:06,686 [MainThread  ] [ERROR]  handle_other(): Mutual authentication unavailable on 403 response
2022-12-27 16:33:07,108 [MainThread  ] [INFO ]  Wrote [{'measurement': 'jenkins', 'tags': {'jobname': 'Jenkins-shared-library', 'build_id': 270, 'url': 'https://jenkins.biplus.com.vn/job/Jenkins-shared-library/270/'}, 'time': 1665455691, 'fields': {'duration': 5143, 'estimatedDuration': 28209, 'result': 'SUCCESS'}}] to bucket jenkins_test
2022-12-27 16:33:07,131 [MainThread  ] [ERROR]  handle_other(): Mutual authentication unavailable on 403 response
2022-12-27 16:33:07,595 [MainThread  ] [INFO ]  Wrote [{'measurement': 'jenkins', 'tags': {'jobname': 'Jenkins-shared-library', 'build_id': 269, 'url': 'https://jenkins.biplus.com.vn/job/Jenkins-shared-library/269/'}, 'time': 1665452559, 'fields': {'duration': 54512, 'estimatedDuration': 28209, 'result': 'SUCCESS'}}] to bucket jenkins_test
2022-12-27 16:33:07,622 [MainThread  ] [ERROR]  handle_other(): Mutual authentication unavailable on 403 response
2022-12-27 16:33:08,043 [MainThread  ] [INFO ]  Wrote [{'measurement': 'jenkins', 'tags': {'jobname': 'Jenkins-shared-library', 'build_id': 268, 'url': 'https://jenkins.biplus.com.vn/job/Jenkins-shared-library/268/'}, 'time': 1665452396, 'fields': {'duration': 59291, 'estimatedDuration': 28209, 'result': 'ABORTED'}}] to bucket jenkins_test
2022-12-27 16:33:08,068 [MainThread  ] [ERROR]  handle_other(): Mutual authentication unavailable on 403 response
2022-12-27 16:33:08,482 [MainThread  ] [INFO ]  Wrote [{'measurement': 'jenkins', 'tags': {'jobname': 'Jenkins-shared-library', 'build_id': 267, 'url': 'https://jenkins.biplus.com.vn/job/Jenkins-shared-library/267/'}, 'time': 1655459914, 'fields': {'duration': 120663, 'estimatedDuration': 28209, 'result': 'ABORTED'}}] to bucket jenkins_test
2022-12-27 16:33:08,508 [MainThread  ] [ERROR]  handle_other(): Mutual authentication unavailable on 403 response
2022-12-27 16:33:08,910 [MainThread  ] [INFO ]  Wrote [{'measurement': 'jenkins', 'tags': {'jobname': 'Jenkins-shared-library', 'build_id': 266, 'url': 'https://jenkins.biplus.com.vn/job/Jenkins-shared-library/266/'}, 'time': 1655447831, 'fields': {'duration': 19453, 'estimatedDuration': 28209, 'result': 'FAILURE'}}] to bucket jenkins_test
2022-12-27 16:33:08,938 [MainThread  ] [ERROR]  handle_other(): Mutual authentication unavailable on 403 response
2022-12-27 16:33:09,358 [MainThread  ] [INFO ]  Wrote [{'measurement': 'jenkins', 'tags': {'jobname': 'Jenkins-shared-library', 'build_id': 265, 'url': 'https://jenkins.biplus.com.vn/job/Jenkins-shared-library/265/'}, 'time': 1654226590, 'fields': {'duration': 56717, 'estimatedDuration': 28209, 'result': 'SUCCESS'}}] to bucket jenkins_test
2022-12-27 16:33:09,382 [MainThread  ] [ERROR]  handle_other(): Mutual authentication unavailable on 403 response
2022-12-27 16:33:09,785 [MainThread  ] [INFO ]  Wrote [{'measurement': 'jenkins', 'tags': {'jobname': 'Jenkins-shared-library', 'build_id': 264, 'url': 'https://jenkins.biplus.com.vn/job/Jenkins-shared-library/264/'}, 'time': 1654223620, 'fields': {'duration': 55939, 'estimatedDuration': 28209, 'result': 'SUCCESS'}}] to bucket jenkins_test
2022-12-27 16:33:09,806 [MainThread  ] [ERROR]  handle_other(): Mutual authentication unavailable on 403 response
2022-12-27 16:33:10,213 [MainThread  ] [INFO ]  Wrote [{'measurement': 'jenkins', 'tags': {'jobname': 'Jenkins-shared-library', 'build_id': 263, 'url': 'https://jenkins.biplus.com.vn/job/Jenkins-shared-library/263/'}, 'time': 1654223365, 'fields': {'duration': 53501, 'estimatedDuration': 28209, 'result': 'SUCCESS'}}] to bucket jenkins_test
2022-12-27 16:33:10,235 [MainThread  ] [ERROR]  handle_other(): Mutual authentication unavailable on 403 response
2022-12-27 16:33:10,645 [MainThread  ] [INFO ]  Wrote [{'measurement': 'jenkins', 'tags': {'jobname': 'Jenkins-shared-library', 'build_id': 262, 'url': 'https://jenkins.biplus.com.vn/job/Jenkins-shared-library/262/'}, 'time': 1654220159, 'fields': {'duration': 58555, 'estimatedDuration': 28209, 'result': 'SUCCESS'}}] to bucket jenkins_test
2022-12-27 16:33:10,671 [MainThread  ] [ERROR]  handle_other(): Mutual authentication unavailable on 403 response
2022-12-27 16:33:11,104 [MainThread  ] [ERROR]  handle_other(): Mutual authentication unavailable on 403 response
2022-12-27 16:33:11,521 [MainThread  ] [ERROR]  handle_other(): Mutual authentication unavailable on 403 response
2022-12-27 16:33:11,930 [MainThread  ] [INFO ]  Wrote [{'measurement': 'jenkins', 'tags': {'jobname': 'Biplus Radio/ci_dev', 'build_id': 15, 'url': 'https://jenkins.biplus.com.vn/job/Biplus%20Radio/job/ci_dev/15/'}, 'time': 1646303834, 'fields': {'duration': 2097, 'estimatedDuration': 5359, 'result': 'SUCCESS'}}] to bucket jenkins_test
2022-12-27 16:33:11,954 [MainThread  ] [ERROR]  handle_other(): Mutual authentication unavailable on 403 response
2022-12-27 16:33:12,353 [MainThread  ] [INFO ]  Wrote [{'measurement': 'jenkins', 'tags': {'jobname': 'Biplus Radio/ci_dev', 'build_id': 14, 'url': 'https://jenkins.biplus.com.vn/job/Biplus%20Radio/job/ci_dev/14/'}, 'time': 1646302455, 'fields': {'duration': 11488, 'estimatedDuration': 5359, 'result': 'SUCCESS'}}] to bucket jenkins_test
2022-12-27 16:33:12,372 [MainThread  ] [ERROR]  handle_other(): Mutual authentication unavailable on 403 response
2022-12-27 16:33:12,798 [MainThread  ] [INFO ]  Wrote [{'measurement': 'jenkins', 'tags': {'jobname': 'Biplus Radio/ci_dev', 'build_id': 13, 'url': 'https://jenkins.biplus.com.vn/job/Biplus%20Radio/job/ci_dev/13/'}, 'time': 1645717190, 'fields': {'duration': 2492, 'estimatedDuration': 5359, 'result': 'SUCCESS'}}] to bucket jenkins_test
2022-12-27 16:33:12,823 [MainThread  ] [ERROR]  handle_other(): Mutual authentication unavailable on 403 response
2022-12-27 16:33:13,226 [MainThread  ] [INFO ]  Wrote [{'measurement': 'jenkins', 'tags': {'jobname': 'Biplus Radio/ci_dev', 'build_id': 12, 'url': 'https://jenkins.biplus.com.vn/job/Biplus%20Radio/job/ci_dev/12/'}, 'time': 1645714780, 'fields': {'duration': 4637, 'estimatedDuration': 5359, 'result': 'SUCCESS'}}] to bucket jenkins_test
2022-12-27 16:33:13,246 [MainThread  ] [ERROR]  handle_other(): Mutual authentication unavailable on 403 response
2022-12-27 16:33:13,653 [MainThread  ] [INFO ]  Wrote [{'measurement': 'jenkins', 'tags': {'jobname': 'Biplus Radio/ci_dev', 'build_id': 11, 'url': 'https://jenkins.biplus.com.vn/job/Biplus%20Radio/job/ci_dev/11/'}, 'time': 1644563059, 'fields': {'duration': 2238, 'estimatedDuration': 5359, 'result': 'SUCCESS'}}] to bucket jenkins_test
2022-12-27 16:33:13,685 [MainThread  ] [ERROR]  handle_other(): Mutual authentication unavailable on 403 response
2022-12-27 16:33:14,092 [MainThread  ] [INFO ]  Wrote [{'measurement': 'jenkins', 'tags': {'jobname': 'Biplus Radio/ci_dev', 'build_id': 10, 'url': 'https://jenkins.biplus.com.vn/job/Biplus%20Radio/job/ci_dev/10/'}, 'time': 1644561614, 'fields': {'duration': 2386, 'estimatedDuration': 5359, 'result': 'SUCCESS'}}] to bucket jenkins_test
2022-12-27 16:33:14,115 [MainThread  ] [ERROR]  handle_other(): Mutual authentication unavailable on 403 response
2022-12-27 16:33:14,523 [MainThread  ] [INFO ]  Wrote [{'measurement': 'jenkins', 'tags': {'jobname': 'Biplus Radio/ci_dev', 'build_id': 9, 'url': 'https://jenkins.biplus.com.vn/job/Biplus%20Radio/job/ci_dev/9/'}, 'time': 1644561494, 'fields': {'duration': 2424, 'estimatedDuration': 5359, 'result': 'SUCCESS'}}] to bucket jenkins_test
2022-12-27 16:33:14,537 [MainThread  ] [ERROR]  handle_other(): Mutual authentication unavailable on 403 response
2022-12-27 16:33:14,906 [MainThread  ] [INFO ]  Wrote [{'measurement': 'jenkins', 'tags': {'jobname': 'Biplus Radio/ci_dev', 'build_id': 8, 'url': 'https://jenkins.biplus.com.vn/job/Biplus%20Radio/job/ci_dev/8/'}, 'time': 1644546967, 'fields': {'duration': 2527, 'estimatedDuration': 5359, 'result': 'SUCCESS'}}] to bucket jenkins_test
2022-12-27 16:33:14,926 [MainThread  ] [ERROR]  handle_other(): Mutual authentication unavailable on 403 response
2022-12-27 16:33:15,325 [MainThread  ] [INFO ]  Wrote [{'measurement': 'jenkins', 'tags': {'jobname': 'Biplus Radio/ci_dev', 'build_id': 7, 'url': 'https://jenkins.biplus.com.vn/job/Biplus%20Radio/job/ci_dev/7/'}, 'time': 1644546896, 'fields': {'duration': 15045, 'estimatedDuration': 5359, 'result': 'SUCCESS'}}] to bucket jenkins_test
2022-12-27 16:33:15,349 [MainThread  ] [ERROR]  handle_other(): Mutual authentication unavailable on 403 response
